{"level":"info","message":"Server is up on port 5000!"}
{"level":"info","message":"::1 - - [01/Jul/2022:08:12:12 +0000] \"GET /proxy/binance HTTP/1.1\" 200 14"}
{"level":"info","message":"::1 - - [01/Jul/2022:08:12:27 +0000] \"GET /proxy/binance/obdepth_serveapi?symbol=BTCBUSD&limit=1000 HTTP/1.1\" 200 64056"}
{"date":"Fri Jul 01 2022 09:13:23 GMT+0100 (West Africa Standard Time)","error":{"code":"MODULE_NOT_FOUND","requireStack":["C:\\Users\\Tammi\\Dropbox\\KustomDevOps\\CloudApps\\11_cryptosphere_v2\\src\\server.js"]},"exception":true,"level":"error","message":"uncaughtException: Cannot find module './utils/binancews'\nRequire stack:\n- C:\\Users\\Tammi\\Dropbox\\KustomDevOps\\CloudApps\\11_cryptosphere_v2\\src\\server.js\nError: Cannot find module './utils/binancews'\nRequire stack:\n- C:\\Users\\Tammi\\Dropbox\\KustomDevOps\\CloudApps\\11_cryptosphere_v2\\src\\server.js\n    at Function.Module._resolveFilename (node:internal/modules/cjs/loader:933:15)\n    at Function.Module._load (node:internal/modules/cjs/loader:778:27)\n    at Module.require (node:internal/modules/cjs/loader:1005:19)\n    at require (node:internal/modules/cjs/helpers:102:18)\n    at Object.<anonymous> (C:\\Users\\Tammi\\Dropbox\\KustomDevOps\\CloudApps\\11_cryptosphere_v2\\src\\server.js:35:21)\n    at Module._compile (node:internal/modules/cjs/loader:1103:14)\n    at Object.Module._extensions..js (node:internal/modules/cjs/loader:1157:10)\n    at Module.load (node:internal/modules/cjs/loader:981:32)\n    at Function.Module._load (node:internal/modules/cjs/loader:822:12)\n    at Function.executeUserEntryPoint [as runMain] (node:internal/modules/run_main:77:12)\n    at node:internal/main/run_main_module:17:47","os":{"loadavg":[0,0,0],"uptime":987858},"process":{"argv":["C:\\Program Files\\nodejs\\node.exe","C:\\Users\\Tammi\\Dropbox\\KustomDevOps\\CloudApps\\11_cryptosphere_v2\\src\\server.js"],"cwd":"C:\\Users\\Tammi\\Dropbox\\KustomDevOps\\CloudApps\\11_cryptosphere_v2","execPath":"C:\\Program Files\\nodejs\\node.exe","gid":null,"memoryUsage":{"arrayBuffers":18857995,"external":24538943,"heapTotal":59953152,"heapUsed":35050856,"rss":80687104},"pid":6528,"uid":null,"version":"v16.14.2"},"stack":"Error: Cannot find module './utils/binancews'\nRequire stack:\n- C:\\Users\\Tammi\\Dropbox\\KustomDevOps\\CloudApps\\11_cryptosphere_v2\\src\\server.js\n    at Function.Module._resolveFilename (node:internal/modules/cjs/loader:933:15)\n    at Function.Module._load (node:internal/modules/cjs/loader:778:27)\n    at Module.require (node:internal/modules/cjs/loader:1005:19)\n    at require (node:internal/modules/cjs/helpers:102:18)\n    at Object.<anonymous> (C:\\Users\\Tammi\\Dropbox\\KustomDevOps\\CloudApps\\11_cryptosphere_v2\\src\\server.js:35:21)\n    at Module._compile (node:internal/modules/cjs/loader:1103:14)\n    at Object.Module._extensions..js (node:internal/modules/cjs/loader:1157:10)\n    at Module.load (node:internal/modules/cjs/loader:981:32)\n    at Function.Module._load (node:internal/modules/cjs/loader:822:12)\n    at Function.executeUserEntryPoint [as runMain] (node:internal/modules/run_main:77:12)\n    at node:internal/main/run_main_module:17:47","trace":[{"column":15,"file":"node:internal/modules/cjs/loader","function":"Module._resolveFilename","line":933,"method":"_resolveFilename","native":false},{"column":27,"file":"node:internal/modules/cjs/loader","function":"Module._load","line":778,"method":"_load","native":false},{"column":19,"file":"node:internal/modules/cjs/loader","function":"Module.require","line":1005,"method":"require","native":false},{"column":18,"file":"node:internal/modules/cjs/helpers","function":"require","line":102,"method":null,"native":false},{"column":21,"file":"C:\\Users\\Tammi\\Dropbox\\KustomDevOps\\CloudApps\\11_cryptosphere_v2\\src\\server.js","function":null,"line":35,"method":null,"native":false},{"column":14,"file":"node:internal/modules/cjs/loader","function":"Module._compile","line":1103,"method":"_compile","native":false},{"column":10,"file":"node:internal/modules/cjs/loader","function":"Module._extensions..js","line":1157,"method":".js","native":false},{"column":32,"file":"node:internal/modules/cjs/loader","function":"Module.load","line":981,"method":"load","native":false},{"column":12,"file":"node:internal/modules/cjs/loader","function":"Module._load","line":822,"method":"_load","native":false},{"column":12,"file":"node:internal/modules/run_main","function":"Function.executeUserEntryPoint [as runMain]","line":77,"method":"executeUserEntryPoint [as runMain]","native":false},{"column":47,"file":"node:internal/main/run_main_module","function":null,"line":17,"method":null,"native":false}]}
{"level":"info","message":"Server is up on port 5000!"}
{"level":"info","message":"Server is up on port 5000!"}
{"level":"info","message":"::1 - - [01/Jul/2022:08:14:39 +0000] \"GET /proxy/binance/obdepth_serveapi?symbol=BTCBUSD&limit=1000 HTTP/1.1\" 200 64052"}
{"level":"info","message":"::ffff:127.0.0.1 - - [01/Jul/2022:08:15:44 +0000] \"GET /proxy/coinranking/cryptos?count=12 HTTP/1.1\" 200 11398"}
{"level":"info","message":"::ffff:127.0.0.1 - - [01/Jul/2022:08:15:46 +0000] \"GET /proxy/bingnews/cryptonews?q=crypto&count=6 HTTP/1.1\" 200 7501"}
{"level":"info","message":"::1 - - [01/Jul/2022:08:15:46 +0000] \"GET / HTTP/1.1\" 200 40615"}
{"level":"info","message":"Server is up on port 5000!"}
{"level":"info","message":"::1 - - [01/Jul/2022:08:23:15 +0000] \"GET /proxy/bingnews/cryptonews?q=crypto&count=10 HTTP/1.1\" 200 83"}
{"level":"info","message":"Server is up on port 5000!"}
{"level":"info","message":"::1 - - [01/Jul/2022:08:23:44 +0000] \"GET /proxy/bingnews/cryptonews?q=crypto&count=10 HTTP/1.1\" 200 12247"}
{"level":"info","message":"Server is up on port 5000!"}
{"level":"info","message":"Server is up on port 5000!"}
{"level":"info","message":"Server is up on port 5000!"}
{"level":"info","message":"::1 - - [01/Jul/2022:08:26:30 +0000] \"GET /proxy/bingnews/cryptonews?q=crypto&count=10 HTTP/1.1\" 200 11651"}
{"level":"info","message":"::1 - - [01/Jul/2022:08:27:17 +0000] \"GET /proxy/coinranking/cryptos?count=10 HTTP/1.1\" 200 9506"}
{"level":"info","message":"::1 - - [01/Jul/2022:08:27:25 +0000] \"GET /proxy/coinranking/crypto-details?coin=Qwsogvtv82FCd HTTP/1.1\" 200 4396"}
{"level":"info","message":"::1 - - [01/Jul/2022:08:27:33 +0000] \"GET /proxy/coinranking/crypto-history?coin=Qwsogvtv82FCd&timeperiod=24h HTTP/1.1\" 200 15482"}
{"level":"info","message":"::1 - - [01/Jul/2022:08:27:50 +0000] \"GET /proxy/weatherstack/weather?address=kano HTTP/1.1\" 200 126"}
{"level":"info","message":"Server is up on port 5000!"}
{"level":"info","message":"::1 - - [01/Jul/2022:08:33:38 +0000] \"GET /proxy/weatherstack/weather?address=kano HTTP/1.1\" 200 126"}
{"level":"info","message":"::1 - - [01/Jul/2022:08:33:49 +0000] \"GET /proxy/weatherstack/weather?address=lagos HTTP/1.1\" 200 140"}
{"level":"info","message":"::1 - - [01/Jul/2022:08:34:02 +0000] \"GET /proxy/weatherstack/weather?address=jos HTTP/1.1\" 200 165"}
{"level":"info","message":"::1 - - [01/Jul/2022:08:34:12 +0000] \"GET /proxy/weatherstack/weather?address=abuja HTTP/1.1\" 200 180"}
{"level":"info","message":"Server is up on port 5000!"}
{"level":"info","message":"Server is up on port 5000!"}
{"level":"info","message":"Server is up on port 5000!"}
{"level":"info","message":"Server is up on port 5000!"}
{"level":"info","message":"Server is up on port 5000!"}
{"level":"info","message":"::1 - - [01/Jul/2022:08:38:45 +0000] \"GET /proxy/weatherstack/weather?address=abuja HTTP/1.1\" 200 180"}
{"level":"info","message":"::1 - - [01/Jul/2022:08:38:52 +0000] \"GET /proxy/weatherstack/weather?address=kano HTTP/1.1\" 200 126"}
{"level":"info","message":"::1 - - [01/Jul/2022:08:40:13 +0000] \"GET /obvizdemo HTTP/1.1\" 304 -"}
{"level":"info","message":"::1 - - [01/Jul/2022:08:40:35 +0000] \"GET /obdepthdemo HTTP/1.1\" 304 -"}
{"level":"info","message":"::1 - - [01/Jul/2022:08:40:50 +0000] \"GET /proxy/binance/obdepth_serveapi?symbol=ETHUSDT&limit=1000 HTTP/1.1\" 200 62217"}
{"level":"info","message":"::1 - - [01/Jul/2022:08:41:00 +0000] \"GET /proxy/binance/obdepth_serveapi?symbol=BTCUSDT&limit=1000 HTTP/1.1\" 200 64062"}
{"level":"info","message":"::ffff:127.0.0.1 - - [01/Jul/2022:08:41:22 +0000] \"GET /proxy/coinranking/cryptos?count=12 HTTP/1.1\" 200 11374"}
{"level":"info","message":"::ffff:127.0.0.1 - - [01/Jul/2022:08:41:23 +0000] \"GET /proxy/bingnews/cryptonews?q=crypto&count=6 HTTP/1.1\" 200 7531"}
{"level":"info","message":"::1 - - [01/Jul/2022:08:41:23 +0000] \"GET / HTTP/1.1\" 200 40658"}
{"level":"info","message":"Server is up on port 5000!"}
{"level":"info","message":"::1 - - [01/Jul/2022:08:47:26 +0000] \"GET /api/v1/keystore HTTP/1.1\" 403 47"}
{"level":"info","message":"::1 - - [01/Jul/2022:08:47:39 +0000] \"POST /api/v1/users/login HTTP/1.1\" 200 1026"}
{"level":"info","message":"::1 - - [01/Jul/2022:08:47:46 +0000] \"GET /api/v1/keystore HTTP/1.1\" 200 295"}
{"level":"info","message":"Server is up on port 5000!"}
{"date":"Fri Jul 01 2022 10:42:43 GMT+0100 (West Africa Standard Time)","error":{"code":"MODULE_NOT_FOUND","requireStack":["C:\\Users\\Tammi\\Dropbox\\KustomDevOps\\CloudApps\\11_cryptosphere_v2\\src\\server.js"]},"exception":true,"level":"error","message":"uncaughtException: Cannot find module './routes/tvdemoRoutes'\nRequire stack:\n- C:\\Users\\Tammi\\Dropbox\\KustomDevOps\\CloudApps\\11_cryptosphere_v2\\src\\server.js\nError: Cannot find module './routes/tvdemoRoutes'\nRequire stack:\n- C:\\Users\\Tammi\\Dropbox\\KustomDevOps\\CloudApps\\11_cryptosphere_v2\\src\\server.js\n    at Function.Module._resolveFilename (node:internal/modules/cjs/loader:933:15)\n    at Function.Module._load (node:internal/modules/cjs/loader:778:27)\n    at Module.require (node:internal/modules/cjs/loader:1005:19)\n    at require (node:internal/modules/cjs/helpers:102:18)\n    at Object.<anonymous> (C:\\Users\\Tammi\\Dropbox\\KustomDevOps\\CloudApps\\11_cryptosphere_v2\\src\\server.js:37:25)\n    at Module._compile (node:internal/modules/cjs/loader:1103:14)\n    at Object.Module._extensions..js (node:internal/modules/cjs/loader:1157:10)\n    at Module.load (node:internal/modules/cjs/loader:981:32)\n    at Function.Module._load (node:internal/modules/cjs/loader:822:12)\n    at Function.executeUserEntryPoint [as runMain] (node:internal/modules/run_main:77:12)\n    at node:internal/main/run_main_module:17:47","os":{"loadavg":[0,0,0],"uptime":993218},"process":{"argv":["C:\\Program Files\\nodejs\\node.exe","C:\\Users\\Tammi\\Dropbox\\KustomDevOps\\CloudApps\\11_cryptosphere_v2\\src\\server.js"],"cwd":"C:\\Users\\Tammi\\Dropbox\\KustomDevOps\\CloudApps\\11_cryptosphere_v2","execPath":"C:\\Program Files\\nodejs\\node.exe","gid":null,"memoryUsage":{"arrayBuffers":18738402,"external":24828670,"heapTotal":60182528,"heapUsed":35873272,"rss":80564224},"pid":12176,"uid":null,"version":"v16.14.2"},"stack":"Error: Cannot find module './routes/tvdemoRoutes'\nRequire stack:\n- C:\\Users\\Tammi\\Dropbox\\KustomDevOps\\CloudApps\\11_cryptosphere_v2\\src\\server.js\n    at Function.Module._resolveFilename (node:internal/modules/cjs/loader:933:15)\n    at Function.Module._load (node:internal/modules/cjs/loader:778:27)\n    at Module.require (node:internal/modules/cjs/loader:1005:19)\n    at require (node:internal/modules/cjs/helpers:102:18)\n    at Object.<anonymous> (C:\\Users\\Tammi\\Dropbox\\KustomDevOps\\CloudApps\\11_cryptosphere_v2\\src\\server.js:37:25)\n    at Module._compile (node:internal/modules/cjs/loader:1103:14)\n    at Object.Module._extensions..js (node:internal/modules/cjs/loader:1157:10)\n    at Module.load (node:internal/modules/cjs/loader:981:32)\n    at Function.Module._load (node:internal/modules/cjs/loader:822:12)\n    at Function.executeUserEntryPoint [as runMain] (node:internal/modules/run_main:77:12)\n    at node:internal/main/run_main_module:17:47","trace":[{"column":15,"file":"node:internal/modules/cjs/loader","function":"Module._resolveFilename","line":933,"method":"_resolveFilename","native":false},{"column":27,"file":"node:internal/modules/cjs/loader","function":"Module._load","line":778,"method":"_load","native":false},{"column":19,"file":"node:internal/modules/cjs/loader","function":"Module.require","line":1005,"method":"require","native":false},{"column":18,"file":"node:internal/modules/cjs/helpers","function":"require","line":102,"method":null,"native":false},{"column":25,"file":"C:\\Users\\Tammi\\Dropbox\\KustomDevOps\\CloudApps\\11_cryptosphere_v2\\src\\server.js","function":null,"line":37,"method":null,"native":false},{"column":14,"file":"node:internal/modules/cjs/loader","function":"Module._compile","line":1103,"method":"_compile","native":false},{"column":10,"file":"node:internal/modules/cjs/loader","function":"Module._extensions..js","line":1157,"method":".js","native":false},{"column":32,"file":"node:internal/modules/cjs/loader","function":"Module.load","line":981,"method":"load","native":false},{"column":12,"file":"node:internal/modules/cjs/loader","function":"Module._load","line":822,"method":"_load","native":false},{"column":12,"file":"node:internal/modules/run_main","function":"Function.executeUserEntryPoint [as runMain]","line":77,"method":"executeUserEntryPoint [as runMain]","native":false},{"column":47,"file":"node:internal/main/run_main_module","function":null,"line":17,"method":null,"native":false}]}
{"level":"info","message":"Server is up on port 5000!"}
{"level":"info","message":"Server is up on port 5000!"}
{"level":"info","message":"Server is up on port 5000!"}
{"level":"info","message":"::1 - - [01/Jul/2022:09:49:40 +0000] \"GET /api/v1/tvdemo/BTCBUSD/15m HTTP/1.1\" 200 137425"}
{"level":"info","message":"::1 - - [01/Jul/2022:09:50:41 +0000] \"GET /tvdemo HTTP/1.1\" 500 2430"}
{"level":"info","message":"Server is up on port 5000!"}
{"level":"info","message":"::1 - - [01/Jul/2022:09:53:02 +0000] \"GET /tvdemo HTTP/1.1\" 200 1204"}
{"level":"info","message":"::1 - - [01/Jul/2022:09:53:05 +0000] \"GET /favicon.ico HTTP/1.1\" 304 -"}
{"level":"info","message":"::1 - - [01/Jul/2022:09:53:06 +0000] \"GET /api/v1/tvdemo/BTCUSDT/1m HTTP/1.1\" 200 137522"}
{"level":"info","message":"Server is up on port 5000!"}
{"level":"info","message":"Server is up on port 5000!"}
{"level":"info","message":"::1 - - [01/Jul/2022:09:54:46 +0000] \"GET /tvdemo HTTP/1.1\" 304 -"}
{"level":"info","message":"::1 - - [01/Jul/2022:09:54:48 +0000] \"GET /favicon.ico HTTP/1.1\" 304 -"}
{"level":"info","message":"::1 - - [01/Jul/2022:09:54:49 +0000] \"GET /api/v1/tvdemo/BTCBUSD/1m HTTP/1.1\" 200 136943"}
{"level":"info","message":"Server is up on port 5000!"}
{"level":"info","message":"::1 - - [01/Jul/2022:10:03:12 +0000] \"GET /coinview HTTP/1.1\" 200 106188"}
{"level":"info","message":"::1 - - [01/Jul/2022:10:03:14 +0000] \"GET /coinview/history HTTP/1.1\" 404 244"}
{"level":"info","message":"Server is up on port 5000!"}
{"level":"info","message":"::1 - - [01/Jul/2022:10:19:28 +0000] \"GET /coinview HTTP/1.1\" 304 -"}
{"level":"info","message":"::1 - - [01/Jul/2022:10:19:29 +0000] \"GET /coinview/history HTTP/1.1\" 404 244"}
{"level":"info","message":"::1 - - [01/Jul/2022:10:19:31 +0000] \"GET /favicon.ico HTTP/1.1\" 304 -"}
{"level":"info","message":"Server is up on port 5000!"}
{"level":"info","message":"::1 - - [01/Jul/2022:10:20:40 +0000] \"GET /coinview HTTP/1.1\" 304 -"}
{"level":"info","message":"::1 - - [01/Jul/2022:10:20:41 +0000] \"GET /coinview/history HTTP/1.1\" 404 244"}
{"level":"info","message":"::1 - - [01/Jul/2022:10:20:42 +0000] \"GET /favicon.ico HTTP/1.1\" 304 -"}
{"level":"info","message":"Server is up on port 5000!"}
{"level":"info","message":"::1 - - [01/Jul/2022:10:24:07 +0000] \"GET /coinview HTTP/1.1\" 304 -"}
{"level":"info","message":"::1 - - [01/Jul/2022:10:24:09 +0000] \"GET /favicon.ico HTTP/1.1\" 304 -"}
{"level":"info","message":"::1 - - [01/Jul/2022:10:24:17 +0000] \"GET /coinview/history HTTP/1.1\" 200 334081"}
{"level":"info","message":"Server is up on port 5000!"}
{"level":"info","message":"::1 - - [01/Jul/2022:10:26:27 +0000] \"GET /coinview HTTP/1.1\" 304 -"}
{"level":"info","message":"::1 - - [01/Jul/2022:10:26:30 +0000] \"GET /favicon.ico HTTP/1.1\" 304 -"}
{"level":"info","message":"::1 - - [01/Jul/2022:10:26:38 +0000] \"GET /coinview/history HTTP/1.1\" 200 334081"}
{"level":"info","message":"::1 - - [01/Jul/2022:10:26:47 +0000] \"GET /tvdemo HTTP/1.1\" 304 -"}
{"level":"info","message":"::1 - - [01/Jul/2022:10:26:54 +0000] \"GET /api/v1/tvdemo/BTCBUSD/1m HTTP/1.1\" 200 136620"}
{"level":"info","message":"::ffff:127.0.0.1 - - [01/Jul/2022:10:27:02 +0000] \"GET /proxy/coinranking/cryptos?count=12 HTTP/1.1\" 200 11375"}
{"level":"info","message":"::ffff:127.0.0.1 - - [01/Jul/2022:10:27:03 +0000] \"GET /proxy/bingnews/cryptonews?q=crypto&count=6 HTTP/1.1\" 200 7404"}
{"level":"info","message":"::1 - - [01/Jul/2022:10:27:03 +0000] \"GET / HTTP/1.1\" 200 40839"}
{"level":"info","message":"::1 - - [01/Jul/2022:10:27:19 +0000] \"GET /obdepthdemo HTTP/1.1\" 304 -"}
{"level":"info","message":"::1 - - [01/Jul/2022:10:27:37 +0000] \"GET /proxy/binance/obdepth_serveapi?symbol=ETHUSDT&limit=1000 HTTP/1.1\" 200 62200"}
{"level":"info","message":"::1 - - [01/Jul/2022:10:27:49 +0000] \"GET /obvizdemo HTTP/1.1\" 304 -"}
{"level":"info","message":"::1 - - [01/Jul/2022:10:29:02 +0000] \"GET /obdepthdemo HTTP/1.1\" 304 -"}
{"level":"info","message":"::ffff:127.0.0.1 - - [01/Jul/2022:10:29:30 +0000] \"GET /proxy/coinranking/cryptos?count=12 HTTP/1.1\" 200 11378"}
{"level":"info","message":"::ffff:127.0.0.1 - - [01/Jul/2022:10:29:32 +0000] \"GET /proxy/bingnews/cryptonews?q=crypto&count=6 HTTP/1.1\" 200 7404"}
{"level":"info","message":"::1 - - [01/Jul/2022:10:29:32 +0000] \"GET / HTTP/1.1\" 200 40842"}
{"level":"info","message":"Server is up on port 5000!"}
{"level":"info","message":"::1 - - [01/Jul/2022:10:44:03 +0000] \"POST /traderbot/start HTTP/1.1\" 404 243"}
{"level":"info","message":"::1 - - [01/Jul/2022:10:45:01 +0000] \"POST /traderbot/trader/start HTTP/1.1\" 200 102"}
{"level":"info","message":"Server is up on port 5000!"}
{"level":"info","message":"::1 - - [01/Jul/2022:10:47:48 +0000] \"POST /traderbot/trader/start HTTP/1.1\" 200 107"}
{"level":"info","message":"Server is up on port 5000!"}
{"level":"info","message":"::1 - - [01/Jul/2022:10:51:44 +0000] \"POST /traderbot/trader/start HTTP/1.1\" 200 102"}
{"date":"Fri Jul 01 2022 11:51:45 GMT+0100 (West Africa Standard Time)","error":{"code":"MODULE_NOT_FOUND","requireStack":["C:\\Users\\Tammi\\Dropbox\\KustomDevOps\\CloudApps\\11_cryptosphere_v2\\src\\child.js"]},"exception":true,"level":"error","message":"uncaughtException: Cannot find module './libs/loggers'\nRequire stack:\n- C:\\Users\\Tammi\\Dropbox\\KustomDevOps\\CloudApps\\11_cryptosphere_v2\\src\\child.js\nError: Cannot find module './libs/loggers'\nRequire stack:\n- C:\\Users\\Tammi\\Dropbox\\KustomDevOps\\CloudApps\\11_cryptosphere_v2\\src\\child.js\n    at Function.Module._resolveFilename (node:internal/modules/cjs/loader:933:15)\n    at Function.Module._load (node:internal/modules/cjs/loader:778:27)\n    at Module.require (node:internal/modules/cjs/loader:1005:19)\n    at require (node:internal/modules/cjs/helpers:102:18)\n    at Object.<anonymous> (C:\\Users\\Tammi\\Dropbox\\KustomDevOps\\CloudApps\\11_cryptosphere_v2\\src\\child.js:16:20)\n    at Module._compile (node:internal/modules/cjs/loader:1103:14)\n    at Object.Module._extensions..js (node:internal/modules/cjs/loader:1157:10)\n    at Module.load (node:internal/modules/cjs/loader:981:32)\n    at Function.Module._load (node:internal/modules/cjs/loader:822:12)\n    at Function.executeUserEntryPoint [as runMain] (node:internal/modules/run_main:77:12)","os":{"loadavg":[0,0,0],"uptime":997361},"process":{"argv":["C:\\Program Files\\nodejs\\node.exe","C:\\Users\\Tammi\\Dropbox\\KustomDevOps\\CloudApps\\11_cryptosphere_v2\\src\\child.js","trader","{}"],"cwd":"C:\\Users\\Tammi\\Dropbox\\KustomDevOps\\CloudApps\\11_cryptosphere_v2","execPath":"C:\\Program Files\\nodejs\\node.exe","gid":null,"memoryUsage":{"arrayBuffers":19109886,"external":20056047,"heapTotal":70123520,"heapUsed":40448992,"rss":78168064},"pid":10088,"uid":null,"version":"v16.14.2"},"stack":"Error: Cannot find module './libs/loggers'\nRequire stack:\n- C:\\Users\\Tammi\\Dropbox\\KustomDevOps\\CloudApps\\11_cryptosphere_v2\\src\\child.js\n    at Function.Module._resolveFilename (node:internal/modules/cjs/loader:933:15)\n    at Function.Module._load (node:internal/modules/cjs/loader:778:27)\n    at Module.require (node:internal/modules/cjs/loader:1005:19)\n    at require (node:internal/modules/cjs/helpers:102:18)\n    at Object.<anonymous> (C:\\Users\\Tammi\\Dropbox\\KustomDevOps\\CloudApps\\11_cryptosphere_v2\\src\\child.js:16:20)\n    at Module._compile (node:internal/modules/cjs/loader:1103:14)\n    at Object.Module._extensions..js (node:internal/modules/cjs/loader:1157:10)\n    at Module.load (node:internal/modules/cjs/loader:981:32)\n    at Function.Module._load (node:internal/modules/cjs/loader:822:12)\n    at Function.executeUserEntryPoint [as runMain] (node:internal/modules/run_main:77:12)","trace":[{"column":15,"file":"node:internal/modules/cjs/loader","function":"Module._resolveFilename","line":933,"method":"_resolveFilename","native":false},{"column":27,"file":"node:internal/modules/cjs/loader","function":"Module._load","line":778,"method":"_load","native":false},{"column":19,"file":"node:internal/modules/cjs/loader","function":"Module.require","line":1005,"method":"require","native":false},{"column":18,"file":"node:internal/modules/cjs/helpers","function":"require","line":102,"method":null,"native":false},{"column":20,"file":"C:\\Users\\Tammi\\Dropbox\\KustomDevOps\\CloudApps\\11_cryptosphere_v2\\src\\child.js","function":null,"line":16,"method":null,"native":false},{"column":14,"file":"node:internal/modules/cjs/loader","function":"Module._compile","line":1103,"method":"_compile","native":false},{"column":10,"file":"node:internal/modules/cjs/loader","function":"Module._extensions..js","line":1157,"method":".js","native":false},{"column":32,"file":"node:internal/modules/cjs/loader","function":"Module.load","line":981,"method":"load","native":false},{"column":12,"file":"node:internal/modules/cjs/loader","function":"Module._load","line":822,"method":"_load","native":false},{"column":12,"file":"node:internal/modules/run_main","function":"Function.executeUserEntryPoint [as runMain]","line":77,"method":"executeUserEntryPoint [as runMain]","native":false}]}
{"level":"info","message":"Server is up on port 5000!"}
{"level":"info","message":"::1 - - [01/Jul/2022:10:52:26 +0000] \"POST /traderbot/trader/start HTTP/1.1\" 200 102"}
{"level":"info","message":"Signal to start!"}
{"level":"info","message":"initializing traderbot"}
{"level":"info","message":"::1 - - [01/Jul/2022:10:52:42 +0000] \"POST /traderbot/backtester/start HTTP/1.1\" 200 112"}
{"level":"info","message":"Signal to stop forked child pid: 8052!"}
{"level":"info","message":"terminating traderbot"}
{"level":"info","message":"::1 - - [01/Jul/2022:10:55:03 +0000] \"POST /traderbot/trader/stop HTTP/1.1\" 200 105"}
{"level":"info","message":"child process with 8052 exiting..."}
{"level":"info","message":"::1 - - [01/Jul/2022:10:55:41 +0000] \"POST /traderbot/trader/stop HTTP/1.1\" 200 118"}
{"level":"info","message":"::1 - - [01/Jul/2022:10:56:40 +0000] \"GET /traderbot/state HTTP/1.1\" 200 67"}
{"level":"info","message":"::1 - - [01/Jul/2022:10:57:36 +0000] \"POST /traderbot/backtester/start HTTP/1.1\" 200 107"}
{"level":"info","message":"Signal to start!"}
{"level":"info","message":"initializing traderbot"}
{"level":"info","message":"::1 - - [01/Jul/2022:10:57:45 +0000] \"GET /traderbot/state HTTP/1.1\" 200 63"}
{"level":"info","message":"Signal to stop forked child pid: 896!"}
{"level":"info","message":"terminating traderbot"}
{"level":"info","message":"::1 - - [01/Jul/2022:10:57:57 +0000] \"POST /traderbot/trader/stop HTTP/1.1\" 200 108"}
{"level":"info","message":"child process with 896 exiting..."}
{"level":"info","message":"::1 - - [01/Jul/2022:10:58:06 +0000] \"GET /traderbot/state HTTP/1.1\" 200 66"}
